\BOOKMARK [1][-]{section.1}{\376\377\000W\000p\000r\000o\000w\000a\000d\000z\000e\000n\000i\000e}{}% 1
\BOOKMARK [1][-]{section.2}{\376\377\000C\000h\000a\000r\000a\000k\000t\000e\000r\000y\000s\000t\000y\000k\000a\000\040\000L\000i\000c\000z\000b\000\040\000M\000o\000t\000z\000k\000i\000n\000a}{}% 2
\BOOKMARK [1][-]{section.3}{\376\377\000S\000t\000r\000u\000k\000t\000u\000r\000a\000\040\000S\001\005\000s\000i\000e\000d\000z\000t\000w\000a\000\040\000M\000o\000t\000z\000k\000i\000n\000a}{}% 3
\BOOKMARK [2][-]{subsection.3.1}{\376\377\000D\000e\000f\000i\000n\000i\000c\000j\000a\000\040\000R\000u\000c\000h\000u\000\040\000i\000\040\000W\000a\000r\000u\000n\000k\000i\000\040\000D\000o\000p\000u\000s\000z\000c\000z\000a\000l\000n\000o\001\133\000c\000i}{section.3}% 4
\BOOKMARK [1][-]{section.4}{\376\377\000A\000l\000g\000o\000r\000y\000t\000m\000\040\000W\000y\000b\000o\000r\000u\000\040\000O\000p\000t\000y\000m\000a\000l\000n\000e\000g\000o\000\040\000R\000u\000c\000h\000u\000\040\000Z\001\102\000o\001\174\000o\000n\000e\000g\000o}{}% 5
\BOOKMARK [2][-]{subsection.4.1}{\376\377\000O\000b\000l\000i\000c\000z\000a\000n\000i\000e\000\040\000d\000e\000l\000t}{section.4}% 6
\BOOKMARK [2][-]{subsection.4.2}{\376\377\000R\000e\000k\000u\000r\000e\000n\000c\000j\000a\000\040\000p\000r\000o\000g\000r\000a\000m\000o\000w\000a\000n\000i\000a\000\040\000d\000y\000n\000a\000m\000i\000c\000z\000n\000e\000g\000o}{section.4}% 7
\BOOKMARK [2][-]{subsection.4.3}{\376\377\000R\000e\000k\000o\000n\000s\000t\000r\000u\000k\000c\000j\000a\000\040\000w\000y\000b\000r\000a\000n\000e\000g\000o\000\040\000z\000b\000i\000o\000r\000u\000\040\000p\000a\000r}{section.4}% 8
\BOOKMARK [2][-]{subsection.4.4}{\376\377\000Z\000a\000s\000t\000o\000s\000o\000w\000a\000n\000i\000e\000\040\000r\000u\000c\000h\000u\000\040\000z\001\102\000o\001\174\000o\000n\000e\000g\000o}{section.4}% 9
\BOOKMARK [2][-]{subsection.4.5}{\376\377\000Z\001\102\000o\001\174\000o\000n\000o\001\133\001\007\000\040\000o\000b\000l\000i\000c\000z\000e\000n\000i\000o\000w\000a}{section.4}% 10
\BOOKMARK [1][-]{section.5}{\376\377\000P\000r\000z\000y\000k\001\102\000a\000d\000\040\000I\000l\000u\000s\000t\000r\000a\000c\000y\000j\000n\000y}{}% 11
\BOOKMARK [1][-]{section.6}{\376\377\000P\000o\000r\000\363\000w\000n\000a\000n\000i\000e\000\040\000z\000\040\000K\000l\000a\000s\000y\000c\000z\000n\000y\000m\000i\000\040\000S\001\005\000s\000i\000e\000d\000z\000t\000w\000a\000m\000i}{}% 12
\BOOKMARK [1][-]{appendix.A}{\376\377\000P\000e\001\102\000n\000a\000\040\000E\000n\000u\000m\000e\000r\000a\000c\000j\000a\000\040\000R\000u\000c\000h\000\363\000w\000\040\000Z\001\102\000o\001\174\000o\000n\000y\000c\000h\000\040\000M\000o\000t\000z\000k\000i\000n\000a}{}% 13
\BOOKMARK [2][-]{subsection.A.1}{\376\377\000E\000n\000u\000m\000e\000r\000a\000c\000j\000a\000\040\000R\000u\000c\000h\000\363\000w\000\040\000Z\001\102\000o\001\174\000o\000n\000y\000c\000h\000\040\000d\000l\000a\000\040\000n\000=\0000}{appendix.A}% 14
\BOOKMARK [2][-]{subsection.A.2}{\376\377\000E\000n\000u\000m\000e\000r\000a\000c\000j\000a\000\040\000R\000u\000c\000h\000\363\000w\000\040\000Z\001\102\000o\001\174\000o\000n\000y\000c\000h\000\040\000d\000l\000a\000\040\000n\000=\0001}{appendix.A}% 15
\BOOKMARK [2][-]{subsection.A.3}{\376\377\000E\000n\000u\000m\000e\000r\000a\000c\000j\000a\000\040\000R\000u\000c\000h\000\363\000w\000\040\000Z\001\102\000o\001\174\000o\000n\000y\000c\000h\000\040\000d\000l\000a\000\040\000n\000=\0002}{appendix.A}% 16
\BOOKMARK [2][-]{subsection.A.4}{\376\377\000E\000n\000u\000m\000e\000r\000a\000c\000j\000a\000\040\000R\000u\000c\000h\000\363\000w\000\040\000Z\001\102\000o\001\174\000o\000n\000y\000c\000h\000\040\000d\000l\000a\000\040\000n\000=\0003}{appendix.A}% 17
\BOOKMARK [2][-]{subsection.A.5}{\376\377\000E\000n\000u\000m\000e\000r\000a\000c\000j\000a\000\040\000R\000u\000c\000h\000\363\000w\000\040\000Z\001\102\000o\001\174\000o\000n\000y\000c\000h\000\040\000d\000l\000a\000\040\000n\000=\0004}{appendix.A}% 18
\BOOKMARK [2][-]{subsection.A.6}{\376\377\000E\000n\000u\000m\000e\000r\000a\000c\000j\000a\000\040\000R\000u\000c\000h\000\363\000w\000\040\000Z\001\102\000o\001\174\000o\000n\000y\000c\000h\000\040\000d\000l\000a\000\040\000n\000=\0005}{appendix.A}% 19
\BOOKMARK [2][-]{subsection.A.7}{\376\377\000E\000n\000u\000m\000e\000r\000a\000c\000j\000a\000\040\000R\000u\000c\000h\000\363\000w\000\040\000Z\001\102\000o\001\174\000o\000n\000y\000c\000h\000\040\000d\000l\000a\000\040\000n\000=\0006}{appendix.A}% 20
\BOOKMARK [2][-]{subsection.A.8}{\376\377\000S\000t\000r\000u\000k\000t\000u\000r\000a\000\040\000R\000u\000c\000h\000\363\000w\000\040\000Z\001\102\000o\001\174\000o\000n\000y\000c\000h\000\040\000d\000l\000a\000\040\000n\000=\0007}{appendix.A}% 21
\BOOKMARK [2][-]{subsection.A.9}{\376\377\000S\000t\000r\000u\000k\000t\000u\000r\000a\000\040\000R\000u\000c\000h\000\363\000w\000\040\000Z\001\102\000o\001\174\000o\000n\000y\000c\000h\000\040\000d\000l\000a\000\040\000n\000=\0008}{appendix.A}% 22
\BOOKMARK [2][-]{subsection.A.10}{\376\377\000S\000t\000r\000u\000k\000t\000u\000r\000a\000\040\000R\000u\000c\000h\000\363\000w\000\040\000Z\001\102\000o\001\174\000o\000n\000y\000c\000h\000\040\000d\000l\000a\000\040\000n\000=\0009}{appendix.A}% 23
\BOOKMARK [2][-]{subsection.A.11}{\376\377\000S\000t\000r\000u\000k\000t\000u\000r\000a\000\040\000R\000u\000c\000h\000\363\000w\000\040\000Z\001\102\000o\001\174\000o\000n\000y\000c\000h\000\040\000d\000l\000a\000\040\000n\000=\0001\0000}{appendix.A}% 24
